<?xml version="1.0" encoding="UTF-8"?>
<testsuite name="JUnit Jupiter" tests="8" skipped="0" failures="0" errors="0" time="0.259" hostname="pierpaolo-XPS-15-9550" timestamp="2020-05-16T01:27:40">
<properties>
[...]
</properties>
<testcase name="testValidAlgebraicNotation()" classname="it.uniba.example.AlgebraicNotationTest" time="0.06">
<system-out><![CDATA[
unique-id: [engine:junit-jupiter]/[class:it.uniba.example.AlgebraicNotationTest]/[method:testValidAlgebraicNotation()]
display-name: testValidAlgebraicNotation()
]]></system-out>
</testcase>
<testcase name="testInvalidAlgebraicNotation()" classname="it.uniba.example.AlgebraicNotationTest" time="0.006">
<system-out><![CDATA[
unique-id: [engine:junit-jupiter]/[class:it.uniba.example.AlgebraicNotationTest]/[method:testInvalidAlgebraicNotation()]
display-name: testInvalidAlgebraicNotation()
]]></system-out>
</testcase>
<testcase name="testPawnMovements()" classname="it.uniba.example.ChessTest" time="0.005">
<system-out><![CDATA[
unique-id: [engine:junit-jupiter]/[class:it.uniba.example.ChessTest]/[method:testPawnMovements()]
display-name: testPawnMovements()
]]></system-out>
</testcase>
<testcase name="testQueenMovements()" classname="it.uniba.example.ChessTest" time="0.002">
<system-out><![CDATA[
unique-id: [engine:junit-jupiter]/[class:it.uniba.example.ChessTest]/[method:testQueenMovements()]
display-name: testQueenMovements()
]]></system-out>
</testcase>
<testcase name="testKingMovements()" classname="it.uniba.example.ChessTest" time="0.002">
<system-out><![CDATA[
unique-id: [engine:junit-jupiter]/[class:it.uniba.example.ChessTest]/[method:testKingMovements()]
display-name: testKingMovements()
]]></system-out>
</testcase>
<testcase name="testRookMovements()" classname="it.uniba.example.ChessTest" time="0.002">
<system-out><![CDATA[
unique-id: [engine:junit-jupiter]/[class:it.uniba.example.ChessTest]/[method:testRookMovements()]
display-name: testRookMovements()
]]></system-out>
</testcase>
<testcase name="testKnightMovements()" classname="it.uniba.example.ChessTest" time="0.004">
<system-out><![CDATA[
unique-id: [engine:junit-jupiter]/[class:it.uniba.example.ChessTest]/[method:testKnightMovements()]
display-name: testKnightMovements()
]]></system-out>
</testcase>
<testcase name="testBishopMovements()" classname="it.uniba.example.ChessTest" time="0.002">
<system-out><![CDATA[
unique-id: [engine:junit-jupiter]/[class:it.uniba.example.ChessTest]/[method:testBishopMovements()]
display-name: testBishopMovements()
]]></system-out>
</testcase>
<system-out><![CDATA[
unique-id: [engine:junit-jupiter]
display-name: JUnit Jupiter
]]></system-out>
</testsuite>
