<?xml version="1.0" encoding="UTF-8"?>
<testsuite name="JUnit Jupiter" tests="10" skipped="2" failures="0" errors="0" time="0.244" hostname="pierpaolo-XPS-15-9550" timestamp="2020-03-26T17:16:40">
<properties>
[...]
</properties>
<testcase name="testConvertToDoubleWithNullArgument()" classname="it.uniba.example.utils.test.StringUtilsTest" time="0.024">
<system-out><![CDATA[
unique-id: [engine:junit-jupiter]/[class:it.uniba.example.utils.test.StringUtilsTest]/[method:testConvertToDoubleWithNullArgument()]
display-name: testConvertToDoubleWithNullArgument()
]]></system-out>
</testcase>
<testcase name="testIsNullOrBlankOK()" classname="it.uniba.example.utils.test.StringUtilsTest" time="0.004">
<system-out><![CDATA[
unique-id: [engine:junit-jupiter]/[class:it.uniba.example.utils.test.StringUtilsTest]/[method:testIsNullOrBlankOK()]
display-name: testIsNullOrBlankOK()
]]></system-out>
</testcase>
<testcase name="testConcatWithAllNullInput()" classname="it.uniba.example.utils.test.StringUtilsTest" time="0">
<skipped><![CDATA[public void it.uniba.example.utils.test.StringUtilsTest.testConcatWithAllNullInput() is @Disabled]]></skipped>
<system-out><![CDATA[
unique-id: [engine:junit-jupiter]/[class:it.uniba.example.utils.test.StringUtilsTest]/[method:testConcatWithAllNullInput()]
display-name: testConcatWithAllNullInput()
]]></system-out>
</testcase>
<testcase name="testConvertToDoubleOK()" classname="it.uniba.example.utils.test.StringUtilsTest" time="0.015">
<system-out><![CDATA[
unique-id: [engine:junit-jupiter]/[class:it.uniba.example.utils.test.StringUtilsTest]/[method:testConvertToDoubleOK()]
display-name: Convert to double pass
]]></system-out>
</testcase>
<testcase name="testConvertToDoubleThrowException()" classname="it.uniba.example.utils.test.StringUtilsTest" time="0.034">
<system-out><![CDATA[
unique-id: [engine:junit-jupiter]/[class:it.uniba.example.utils.test.StringUtilsTest]/[method:testConvertToDoubleThrowException()]
display-name: testConvertToDoubleThrowException()
]]></system-out>
</testcase>
<testcase name="testConcatWithRegularInput()" classname="it.uniba.example.utils.test.StringUtilsTest" time="0.003">
<system-out><![CDATA[
unique-id: [engine:junit-jupiter]/[class:it.uniba.example.utils.test.StringUtilsTest]/[method:testConcatWithRegularInput()]
display-name: testConcatWithRegularInput()
]]></system-out>
</testcase>
<testcase name="testConcatWithNullInput()" classname="it.uniba.example.utils.test.StringUtilsTest" time="0">
<system-out><![CDATA[
unique-id: [engine:junit-jupiter]/[class:it.uniba.example.utils.test.StringUtilsTest]/[method:testConcatWithNullInput()]
display-name: testConcatWithNullInput()
]]></system-out>
</testcase>
<testcase name="testAddition()" classname="it.uniba.example.utils.test.MathUtilsTest" time="0.019">
<system-out><![CDATA[
unique-id: [engine:junit-jupiter]/[class:it.uniba.example.utils.test.MathUtilsTest]/[method:testAddition()]
display-name: Testing sum of integers
]]></system-out>
</testcase>
<testcase name="testDivision()" classname="it.uniba.example.utils.test.MathUtilsTest" time="0.002">
<system-out><![CDATA[
unique-id: [engine:junit-jupiter]/[class:it.uniba.example.utils.test.MathUtilsTest]/[method:testDivision()]
display-name: Testing division between integers
]]></system-out>
</testcase>
<testcase name="testSomething()" classname="it.uniba.example.db.test.LocalDatabaseConnectionTest" time="0">
<skipped><![CDATA[public void it.uniba.example.db.test.LocalDatabaseConnectionTest.testSomething() is @Disabled]]></skipped>
<system-out><![CDATA[
unique-id: [engine:junit-jupiter]/[class:it.uniba.example.db.test.LocalDatabaseConnectionTest]/[method:testSomething()]
display-name: testSomething()
]]></system-out>
</testcase>
<system-out><![CDATA[
unique-id: [engine:junit-jupiter]
display-name: JUnit Jupiter
]]></system-out>
</testsuite>
